[AVHWDeviceContext @ 0x56aa6db489c0] No VA display found for device /dev/dri/renderD128.
Device creation failed: -22.
Failed to set value '/dev/dri/renderD128' for option 'vaapi_device': Invalid argument
Error parsing global options: Invalid argument
20/05/2025 17:39:23 passing arg to libvncserver: -passwd
20/05/2025 17:39:23 x11vnc version: 0.9.16 lastmod: 2019-01-05  pid: 1169
20/05/2025 17:39:23 Using X display :101
20/05/2025 17:39:23 rootwin: 0x21f reswin: 0x200001 dpy: 0x3844dd80
20/05/2025 17:39:23 
20/05/2025 17:39:23 ------------------ USEFUL INFORMATION ------------------
20/05/2025 17:39:23 
20/05/2025 17:39:23 Wireframing: -wireframe mode is in effect for window moves.
20/05/2025 17:39:23   If this yields undesired behavior (poor response, painting
20/05/2025 17:39:23   errors, etc) it may be disabled:
20/05/2025 17:39:23    - use '-nowf' to disable wireframing completely.
20/05/2025 17:39:23    - use '-nowcr' to disable the Copy Rectangle after the
20/05/2025 17:39:23      moved window is released in the new position.
20/05/2025 17:39:23   Also see the -help entry for tuning parameters.
20/05/2025 17:39:23   You can press 3 Alt_L's (Left "Alt" key) in a row to 
20/05/2025 17:39:23   repaint the screen, also see the -fixscreen option for
20/05/2025 17:39:23   periodic repaints.
20/05/2025 17:39:23 
20/05/2025 17:39:23 XFIXES available on display, resetting cursor mode
20/05/2025 17:39:23   to: '-cursor most'.
20/05/2025 17:39:23   to disable this behavior use: '-cursor arrow'
20/05/2025 17:39:23   or '-noxfixes'.
20/05/2025 17:39:23 using XFIXES for cursor drawing.
20/05/2025 17:39:23 GrabServer control via XTEST.
20/05/2025 17:39:23 
20/05/2025 17:39:23 Scroll Detection: -scrollcopyrect mode is in effect to
20/05/2025 17:39:23   use RECORD extension to try to detect scrolling windows
20/05/2025 17:39:23   (induced by either user keystroke or mouse input).
20/05/2025 17:39:23   If this yields undesired behavior (poor response, painting
20/05/2025 17:39:23   errors, etc) it may be disabled via: '-noscr'
20/05/2025 17:39:23   Also see the -help entry for tuning parameters.
20/05/2025 17:39:23   You can press 3 Alt_L's (Left "Alt" key) in a row to 
20/05/2025 17:39:23   repaint the screen, also see the -fixscreen option for
20/05/2025 17:39:23   periodic repaints.
20/05/2025 17:39:23 
20/05/2025 17:39:23 XKEYBOARD: number of keysyms per keycode 7 is greater
20/05/2025 17:39:23   than 4 and 51 keysyms are mapped above 4.
20/05/2025 17:39:23   Automatically switching to -xkb mode.
20/05/2025 17:39:23   If this makes the key mapping worse you can
20/05/2025 17:39:23   disable it with the "-noxkb" option.
20/05/2025 17:39:23   Also, remember "-remap DEAD" for accenting characters.
20/05/2025 17:39:23 
20/05/2025 17:39:23 X FBPM extension not supported.
Xlib:  extension "DPMS" missing on display ":101".
20/05/2025 17:39:23 X display is not capable of DPMS.
20/05/2025 17:39:23 --------------------------------------------------------
20/05/2025 17:39:23 
20/05/2025 17:39:23 Default visual ID: 0x21
20/05/2025 17:39:23 Read initial data from X display into framebuffer.
20/05/2025 17:39:23 initialize_screen: fb_depth/fb_bpp/fb_Bpl 24/32/1920
20/05/2025 17:39:23 
20/05/2025 17:39:23 X display :101 is 32bpp depth=24 true color
20/05/2025 17:39:23 
20/05/2025 17:39:23 Autoprobing TCP port 
20/05/2025 17:39:23 Autoprobing selected TCP port 5901
20/05/2025 17:39:23 Autoprobing TCP6 port 
20/05/2025 17:39:23 rfbListenOnTCP6Port: error in bind IPv6 socket: Address already in use
20/05/2025 17:39:23 Autoprobing selected TCP6 port 5901
20/05/2025 17:39:23 listen6: bind: Address already in use
20/05/2025 17:39:23 Not listening on IPv6 interface.
20/05/2025 17:39:23 
20/05/2025 17:39:23 Xinerama is present and active (e.g. multi-head).
20/05/2025 17:39:23 Xinerama: number of sub-screens: 1
20/05/2025 17:39:23 Xinerama: no blackouts needed (only one sub-screen)
20/05/2025 17:39:23 
20/05/2025 17:39:23 fb read rate: 705 MB/sec
20/05/2025 17:39:23 fast read: reset -wait  ms to: 10
20/05/2025 17:39:23 fast read: reset -defer ms to: 10
20/05/2025 17:39:23 The X server says there are 10 mouse buttons.
20/05/2025 17:39:23 screen setup finished.
20/05/2025 17:39:23 

The VNC desktop is:      vnctranscoder:1
PORT=5901

******************************************************************************
Have you tried the x11vnc '-ncache' VNC client-side pixel caching feature yet?

The scheme stores pixel data offscreen on the VNC viewer side for faster
retrieval.  It should work with any VNC viewer.  Try it by running:

    x11vnc -ncache 10 ...

One can also add -ncache_cr for smooth 'copyrect' window motion.
More info: http://www.karlrunge.com/x11vnc/faq.html#faq-client-caching

caught XIO error:
20/05/2025 18:32:06 deleted 15 tile_row polling images.
